Arguments: 
  /usr/bin/node /usr/bin/yarn install

PATH: 
  /usr/local/sbin:/usr/local/bin:/usr/sbin:/usr/bin:/sbin:/bin:/usr/games:/usr/local/games:/snap/bin

Yarn version: 
  1.22.19

Node version: 
  20.9.0

Platform: 
  linux x64

Trace: 
  Error: getaddrinfo EAI_AGAIN registry.npmjs.org
      at GetAddrInfoReqWrap.onlookupall [as oncomplete] (node:dns:118:26)

npm manifest: 
  {
    "name": "so-docs",
    "version": "1.0.0",
    "description": "Guías de la cátedra de Sistemas Operativos - UTN.FRBA",
    "main": "index.js",
    "scripts": {
      "dev": "vitepress dev docs",
      "build": "vitepress build docs",
      "serve": "vitepress serve docs"
    },
    "repository": "https://github.com/sisoputnfrba/docs",
    "authors": {
      "name": "sisoputnfrba"
    },
    "contributors": [
      "Agustín Ranieri",
      "Sofía Azcoaga",
      "Damian Facchini"
    ],
    "license": "MIT",
    "devDependencies": {
      "@types/markdown-it": "^12.2.3",
      "@types/markdown-it-footnote": "^3.0.0",
      "@types/node": "^18.11.18",
      "markdown-it-footnote": "^3.0.3",
      "sass": "^1.55.0",
      "vitepress": "1.0.0-beta.2",
      "vue": "^3.2.38"
    },
    "dependencies": {
      "yarn": "^1.22.19"
    }
  }

yarn manifest: 
  No manifest

Lockfile: 
  # THIS IS AN AUTOGENERATED FILE. DO NOT EDIT THIS FILE DIRECTLY.
  # yarn lockfile v1
  
  
  "@algolia/autocomplete-core@1.9.2":
    version "1.9.2"
    resolved "https://registry.npmjs.org/@algolia/autocomplete-core/-/autocomplete-core-1.9.2.tgz"
    integrity sha512-hkG80c9kx9ClVAEcUJbTd2ziVC713x9Bji9Ty4XJfKXlxlsx3iXsoNhAwfeR4ulzIUg7OE5gez0UU1zVDdG7kg==
    dependencies:
      "@algolia/autocomplete-plugin-algolia-insights" "1.9.2"
      "@algolia/autocomplete-shared" "1.9.2"
  
  "@algolia/autocomplete-plugin-algolia-insights@1.9.2":
    version "1.9.2"
    resolved "https://registry.npmjs.org/@algolia/autocomplete-plugin-algolia-insights/-/autocomplete-plugin-algolia-insights-1.9.2.tgz"
    integrity sha512-2LVsf4W66hVHQ3Ua/8k15oPlxjELCztbAkQm/hP42Sw+GLkHAdY1vaVRYziaWq64+Oljfg6FKkZHCdgXH+CGIA==
    dependencies:
      "@algolia/autocomplete-shared" "1.9.2"
  
  "@algolia/autocomplete-preset-algolia@1.9.2":
    version "1.9.2"
    resolved "https://registry.npmjs.org/@algolia/autocomplete-preset-algolia/-/autocomplete-preset-algolia-1.9.2.tgz"
    integrity sha512-pqgIm2GNqtCT59Y1ICctIPrYTi34+wNPiNWEclD/yDzp5uDUUsyGe5XrUjCNyQRTKonAlmYxoaEHOn8FWgmBHA==
    dependencies:
      "@algolia/autocomplete-shared" "1.9.2"
  
  "@algolia/autocomplete-shared@1.9.2":
    version "1.9.2"
    resolved "https://registry.npmjs.org/@algolia/autocomplete-shared/-/autocomplete-shared-1.9.2.tgz"
    integrity sha512-XxX6YDn+7LG+SmdpXEOnj7fc3TjiVpQ0CbGhjLwrd2tYr6LVY2D4Iiu/iuYJ4shvVDWWnpwArSk0uIWC/8OPUA==
  
  "@algolia/cache-browser-local-storage@4.14.2":
    version "4.14.2"
    resolved "https://registry.npmjs.org/@algolia/cache-browser-local-storage/-/cache-browser-local-storage-4.14.2.tgz"
    integrity sha512-FRweBkK/ywO+GKYfAWbrepewQsPTIEirhi1BdykX9mxvBPtGNKccYAxvGdDCumU1jL4r3cayio4psfzKMejBlA==
    dependencies:
      "@algolia/cache-common" "4.14.2"
  
  "@algolia/cache-common@4.14.2":
    version "4.14.2"
    resolved "https://registry.npmjs.org/@algolia/cache-common/-/cache-common-4.14.2.tgz"
    integrity sha512-SbvAlG9VqNanCErr44q6lEKD2qoK4XtFNx9Qn8FK26ePCI8I9yU7pYB+eM/cZdS9SzQCRJBbHUumVr4bsQ4uxg==
  
  "@algolia/cache-common@4.19.1":
    version "4.19.1"
    resolved "https://registry.npmjs.org/@algolia/cache-common/-/cache-common-4.19.1.tgz"
    integrity sha512-XGghi3l0qA38HiqdoUY+wvGyBsGvKZ6U3vTiMBT4hArhP3fOGLXpIINgMiiGjTe4FVlTa5a/7Zf2bwlIHfRqqg==
  
  "@algolia/cache-in-memory@4.14.2":
    version "4.14.2"
    resolved "https://registry.npmjs.org/@algolia/cache-in-memory/-/cache-in-memory-4.14.2.tgz"
    integrity sha512-HrOukWoop9XB/VFojPv1R5SVXowgI56T9pmezd/djh2JnVN/vXswhXV51RKy4nCpqxyHt/aGFSq2qkDvj6KiuQ==
    dependencies:
      "@algolia/cache-common" "4.14.2"
  
  "@algolia/client-account@4.14.2":
    version "4.14.2"
    resolved "https://registry.npmjs.org/@algolia/client-account/-/client-account-4.14.2.tgz"
    integrity sha512-WHtriQqGyibbb/Rx71YY43T0cXqyelEU0lB2QMBRXvD2X0iyeGl4qMxocgEIcbHyK7uqE7hKgjT8aBrHqhgc1w==
    dependencies:
      "@algolia/client-common" "4.14.2"
      "@algolia/client-search" "4.14.2"
      "@algolia/transporter" "4.14.2"
  
  "@algolia/client-analytics@4.14.2":
    version "4.14.2"
    resolved "https://registry.npmjs.org/@algolia/client-analytics/-/client-analytics-4.14.2.tgz"
    integrity sha512-yBvBv2mw+HX5a+aeR0dkvUbFZsiC4FKSnfqk9rrfX+QrlNOKEhCG0tJzjiOggRW4EcNqRmaTULIYvIzQVL2KYQ==
    dependencies:
      "@algolia/client-common" "4.14.2"
      "@algolia/client-search" "4.14.2"
      "@algolia/requester-common" "4.14.2"
      "@algolia/transporter" "4.14.2"
  
  "@algolia/client-common@4.14.2":
    version "4.14.2"
    resolved "https://registry.npmjs.org/@algolia/client-common/-/client-common-4.14.2.tgz"
    integrity sha512-43o4fslNLcktgtDMVaT5XwlzsDPzlqvqesRi4MjQz2x4/Sxm7zYg5LRYFol1BIhG6EwxKvSUq8HcC/KxJu3J0Q==
    dependencies:
      "@algolia/requester-common" "4.14.2"
      "@algolia/transporter" "4.14.2"
  
  "@algolia/client-common@4.19.1":
    version "4.19.1"
    resolved "https://registry.npmjs.org/@algolia/client-common/-/client-common-4.19.1.tgz"
    integrity sha512-3kAIVqTcPrjfS389KQvKzliC559x+BDRxtWamVJt8IVp7LGnjq+aVAXg4Xogkur1MUrScTZ59/AaUd5EdpyXgA==
    dependencies:
      "@algolia/requester-common" "4.19.1"
      "@algolia/transporter" "4.19.1"
  
  "@algolia/client-personalization@4.14.2":
    version "4.14.2"
    resolved "https://registry.npmjs.org/@algolia/client-personalization/-/client-personalization-4.14.2.tgz"
    integrity sha512-ACCoLi0cL8CBZ1W/2juehSltrw2iqsQBnfiu/Rbl9W2yE6o2ZUb97+sqN/jBqYNQBS+o0ekTMKNkQjHHAcEXNw==
    dependencies:
      "@algolia/client-common" "4.14.2"
      "@algolia/requester-common" "4.14.2"
      "@algolia/transporter" "4.14.2"
  
  "@algolia/client-search@>= 4.9.1 < 6":
    version "4.19.1"
    resolved "https://registry.npmjs.org/@algolia/client-search/-/client-search-4.19.1.tgz"
    integrity sha512-mBecfMFS4N+yK/p0ZbK53vrZbL6OtWMk8YmnOv1i0LXx4pelY8TFhqKoTit3NPVPwoSNN0vdSN9dTu1xr1XOVw==
    dependencies:
      "@algolia/client-common" "4.19.1"
      "@algolia/requester-common" "4.19.1"
      "@algolia/transporter" "4.19.1"
  
  "@algolia/client-search@4.14.2":
    version "4.14.2"
    resolved "https://registry.npmjs.org/@algolia/client-search/-/client-search-4.14.2.tgz"
    integrity sha512-L5zScdOmcZ6NGiVbLKTvP02UbxZ0njd5Vq9nJAmPFtjffUSOGEp11BmD2oMJ5QvARgx2XbX4KzTTNS5ECYIMWw==
    dependencies:
      "@algolia/client-common" "4.14.2"
      "@algolia/requester-common" "4.14.2"
      "@algolia/transporter" "4.14.2"
  
  "@algolia/logger-common@4.14.2":
    version "4.14.2"
    resolved "https://registry.npmjs.org/@algolia/logger-common/-/logger-common-4.14.2.tgz"
    integrity sha512-/JGlYvdV++IcMHBnVFsqEisTiOeEr6cUJtpjz8zc0A9c31JrtLm318Njc72p14Pnkw3A/5lHHh+QxpJ6WFTmsA==
  
  "@algolia/logger-common@4.19.1":
    version "4.19.1"
    resolved "https://registry.npmjs.org/@algolia/logger-common/-/logger-common-4.19.1.tgz"
    integrity sha512-i6pLPZW/+/YXKis8gpmSiNk1lOmYCmRI6+x6d2Qk1OdfvX051nRVdalRbEcVTpSQX6FQAoyeaui0cUfLYW5Elw==
  
  "@algolia/logger-console@4.14.2":
    version "4.14.2"
    resolved "https://registry.npmjs.org/@algolia/logger-console/-/logger-console-4.14.2.tgz"
    integrity sha512-8S2PlpdshbkwlLCSAB5f8c91xyc84VM9Ar9EdfE9UmX+NrKNYnWR1maXXVDQQoto07G1Ol/tYFnFVhUZq0xV/g==
    dependencies:
      "@algolia/logger-common" "4.14.2"
  
  "@algolia/requester-browser-xhr@4.14.2":
    version "4.14.2"
    resolved "https://registry.npmjs.org/@algolia/requester-browser-xhr/-/requester-browser-xhr-4.14.2.tgz"
    integrity sha512-CEh//xYz/WfxHFh7pcMjQNWgpl4wFB85lUMRyVwaDPibNzQRVcV33YS+63fShFWc2+42YEipFGH2iPzlpszmDw==
    dependencies:
      "@algolia/requester-common" "4.14.2"
  
  "@algolia/requester-common@4.14.2":
    version "4.14.2"
    resolved "https://registry.npmjs.org/@algolia/requester-common/-/requester-common-4.14.2.tgz"
    integrity sha512-73YQsBOKa5fvVV3My7iZHu1sUqmjjfs9TteFWwPwDmnad7T0VTCopttcsM3OjLxZFtBnX61Xxl2T2gmG2O4ehg==
  
  "@algolia/requester-common@4.19.1":
    version "4.19.1"
    resolved "https://registry.npmjs.org/@algolia/requester-common/-/requester-common-4.19.1.tgz"
    integrity sha512-BisRkcWVxrDzF1YPhAckmi2CFYK+jdMT60q10d7z3PX+w6fPPukxHRnZwooiTUrzFe50UBmLItGizWHP5bDzVQ==
  
  "@algolia/requester-node-http@4.14.2":
    version "4.14.2"
    resolved "https://registry.npmjs.org/@algolia/requester-node-http/-/requester-node-http-4.14.2.tgz"
    integrity sha512-oDbb02kd1o5GTEld4pETlPZLY0e+gOSWjWMJHWTgDXbv9rm/o2cF7japO6Vj1ENnrqWvLBmW1OzV9g6FUFhFXg==
    dependencies:
      "@algolia/requester-common" "4.14.2"
  
  "@algolia/transporter@4.14.2":
    version "4.14.2"
    resolved "https://registry.npmjs.org/@algolia/transporter/-/transporter-4.14.2.tgz"
    integrity sha512-t89dfQb2T9MFQHidjHcfhh6iGMNwvuKUvojAj+JsrHAGbuSy7yE4BylhLX6R0Q1xYRoC4Vvv+O5qIw/LdnQfsQ==
    dependencies:
      "@algolia/cache-common" "4.14.2"
      "@algolia/logger-common" "4.14.2"
      "@algolia/requester-common" "4.14.2"
  
  "@algolia/transporter@4.19.1":
    version "4.19.1"
    resolved "https://registry.npmjs.org/@algolia/transporter/-/transporter-4.19.1.tgz"
    integrity sha512-nkpvPWbpuzxo1flEYqNIbGz7xhfhGOKGAZS7tzC+TELgEmi7z99qRyTfNSUlW7LZmB3ACdnqAo+9A9KFBENviQ==
    dependencies:
      "@algolia/cache-common" "4.19.1"
      "@algolia/logger-common" "4.19.1"
      "@algolia/requester-common" "4.19.1"
  
  "@babel/parser@^7.20.15", "@babel/parser@^7.21.3":
    version "7.22.5"
    resolved "https://registry.npmjs.org/@babel/parser/-/parser-7.22.5.tgz"
    integrity sha512-DFZMC9LJUG9PLOclRC32G63UXwzqS2koQC8dkx+PLdmt1xSePYpbT/NbsrJy8Q/muXz7o/h/d4A7Fuyixm559Q==
  
  "@docsearch/css@^3.5.0", "@docsearch/css@3.5.0":
    version "3.5.0"
    resolved "https://registry.npmjs.org/@docsearch/css/-/css-3.5.0.tgz"
    integrity sha512-Ob5FQLubplcBNihAVtriR59FRBeP8u69F6mu4L4yIr60KfsPc10bOV0DoPErJw0zF9IBN2cNLW9qdmt8zWPxyg==
  
  "@docsearch/js@^3.5.0":
    version "3.5.0"
    resolved "https://registry.npmjs.org/@docsearch/js/-/js-3.5.0.tgz"
    integrity sha512-WqB+z+zVKSXDkGq028nClT9RvMzfFlemZuIulX5ZwWkdUtl4k7M9cmZA/c6kuZf7FG24XQsMHWuBjeUo9hLRyA==
    dependencies:
      "@docsearch/react" "3.5.0"
      preact "^10.0.0"
  
  "@docsearch/react@3.5.0":
    version "3.5.0"
    resolved "https://registry.npmjs.org/@docsearch/react/-/react-3.5.0.tgz"
    integrity sha512-3IG8mmSMzSHNGy2S1VuPyYU9tFCxFpj5Ov8SYwsSHM4yMvFsaO9oFxXocA5lSenliIELhuOuS5+BdxHa/Qlf2A==
    dependencies:
      "@algolia/autocomplete-core" "1.9.2"
      "@algolia/autocomplete-preset-algolia" "1.9.2"
      "@docsearch/css" "3.5.0"
      algoliasearch "^4.0.0"
  
  "@esbuild/linux-x64@0.17.12":
    version "0.17.12"
    resolved "https://registry.npmjs.org/@esbuild/linux-x64/-/linux-x64-0.17.12.tgz"
    integrity sha512-uo5JL3cgaEGotaqSaJdRfFNSCUJOIliKLnDGWaVCgIKkHxwhYMm95pfMbWZ9l7GeW9kDg0tSxcy9NYdEtjwwmA==
  
  "@jridgewell/sourcemap-codec@^1.4.13":
    version "1.4.15"
    resolved "https://registry.npmjs.org/@jridgewell/sourcemap-codec/-/sourcemap-codec-1.4.15.tgz"
    integrity sha512-eF2rxCRulEKXHTRiDrDy6erMYWqNw4LPdQ8UQA4huuxaQsVeRPFl2oM8oDGxMFhJUWZf9McpLtJasDDZb/Bpeg==
  
  "@types/linkify-it@*":
    version "3.0.2"
    resolved "https://registry.npmjs.org/@types/linkify-it/-/linkify-it-3.0.2.tgz"
    integrity sha512-HZQYqbiFVWufzCwexrvh694SOim8z2d+xJl5UNamcvQFejLY/2YUtzXHYi3cHdI7PMlS8ejH2slRAOJQ32aNbA==
  
  "@types/markdown-it-footnote@^3.0.0":
    version "3.0.0"
    resolved "https://registry.npmjs.org/@types/markdown-it-footnote/-/markdown-it-footnote-3.0.0.tgz"
    integrity sha512-d6KGv1ZhzDdjMB0F+PmuCFuc4QPIsiyWbzldwxAqWz0TZHvSiHwTp5cj5D/6Qfqfv8mJ0HScaMgLt1zlcKjpyw==
    dependencies:
      "@types/markdown-it" "*"
  
  "@types/markdown-it@*", "@types/markdown-it@^12.2.3":
    version "12.2.3"
    resolved "https://registry.npmjs.org/@types/markdown-it/-/markdown-it-12.2.3.tgz"
    integrity sha512-GKMHFfv3458yYy+v/N8gjufHO6MSZKCOXpZc5GXIWWy8uldwfmPn98vp81gZ5f9SVw8YYBctgfJ22a2d7AOMeQ==
    dependencies:
      "@types/linkify-it" "*"
      "@types/mdurl" "*"
  
  "@types/mdurl@*":
    version "1.0.2"
    resolved "https://registry.npmjs.org/@types/mdurl/-/mdurl-1.0.2.tgz"
    integrity sha512-eC4U9MlIcu2q0KQmXszyn5Akca/0jrQmwDRgpAMJai7qBWq4amIQhZyNau4VYGtCeALvW1/NtjzJJ567aZxfKA==
  
  "@types/node@^18.11.18", "@types/node@>= 14":
    version "18.11.18"
    resolved "https://registry.npmjs.org/@types/node/-/node-18.11.18.tgz"
    integrity sha512-DHQpWGjyQKSHj3ebjFI/wRKcqQcdR+MoFBygntYOZytCqNfkd2ZC4ARDJ2DQqhjH5p85Nnd3jhUJIXrszFX/JA==
  
  "@types/web-bluetooth@^0.0.17":
    version "0.0.17"
    resolved "https://registry.npmjs.org/@types/web-bluetooth/-/web-bluetooth-0.0.17.tgz"
    integrity sha512-4p9vcSmxAayx72yn70joFoL44c9MO/0+iVEBIQXe3v2h2SiAsEIo/G5v6ObFWvNKRFjbrVadNf9LqEEZeQPzdA==
  
  "@vitejs/plugin-vue@^4.2.3":
    version "4.2.3"
    resolved "https://registry.npmjs.org/@vitejs/plugin-vue/-/plugin-vue-4.2.3.tgz"
    integrity sha512-R6JDUfiZbJA9cMiguQ7jxALsgiprjBeHL5ikpXfJCH62pPHtI+JdJ5xWj6Ev73yXSlYl86+blXn1kZHQ7uElxw==
  
  "@vue/compiler-core@3.3.4":
    version "3.3.4"
    resolved "https://registry.npmjs.org/@vue/compiler-core/-/compiler-core-3.3.4.tgz"
    integrity sha512-cquyDNvZ6jTbf/+x+AgM2Arrp6G4Dzbb0R64jiG804HRMfRiFXWI6kqUVqZ6ZR0bQhIoQjB4+2bhNtVwndW15g==
    dependencies:
      "@babel/parser" "^7.21.3"
      "@vue/shared" "3.3.4"
      estree-walker "^2.0.2"
      source-map-js "^1.0.2"
  
  "@vue/compiler-dom@3.3.4":
    version "3.3.4"
    resolved "https://registry.npmjs.org/@vue/compiler-dom/-/compiler-dom-3.3.4.tgz"
    integrity sha512-wyM+OjOVpuUukIq6p5+nwHYtj9cFroz9cwkfmP9O1nzH68BenTTv0u7/ndggT8cIQlnBeOo6sUT/gvHcIkLA5w==
    dependencies:
      "@vue/compiler-core" "3.3.4"
      "@vue/shared" "3.3.4"
  
  "@vue/compiler-sfc@3.3.4":
    version "3.3.4"
    resolved "https://registry.npmjs.org/@vue/compiler-sfc/-/compiler-sfc-3.3.4.tgz"
    integrity sha512-6y/d8uw+5TkCuzBkgLS0v3lSM3hJDntFEiUORM11pQ/hKvkhSKZrXW6i69UyXlJQisJxuUEJKAWEqWbWsLeNKQ==
    dependencies:
      "@babel/parser" "^7.20.15"
      "@vue/compiler-core" "3.3.4"
      "@vue/compiler-dom" "3.3.4"
      "@vue/compiler-ssr" "3.3.4"
      "@vue/reactivity-transform" "3.3.4"
      "@vue/shared" "3.3.4"
      estree-walker "^2.0.2"
      magic-string "^0.30.0"
      postcss "^8.1.10"
      source-map-js "^1.0.2"
  
  "@vue/compiler-ssr@3.3.4":
    version "3.3.4"
    resolved "https://registry.npmjs.org/@vue/compiler-ssr/-/compiler-ssr-3.3.4.tgz"
    integrity sha512-m0v6oKpup2nMSehwA6Uuu+j+wEwcy7QmwMkVNVfrV9P2qE5KshC6RwOCq8fjGS/Eak/uNb8AaWekfiXxbBB6gQ==
    dependencies:
      "@vue/compiler-dom" "3.3.4"
      "@vue/shared" "3.3.4"
  
  "@vue/devtools-api@^6.5.0":
    version "6.5.0"
    resolved "https://registry.npmjs.org/@vue/devtools-api/-/devtools-api-6.5.0.tgz"
    integrity sha512-o9KfBeaBmCKl10usN4crU53fYtC1r7jJwdGKjPT24t348rHxgfpZ0xL3Xm/gLUYnc0oTp8LAmrxOeLyu6tbk2Q==
  
  "@vue/reactivity-transform@3.3.4":
    version "3.3.4"
    resolved "https://registry.npmjs.org/@vue/reactivity-transform/-/reactivity-transform-3.3.4.tgz"
    integrity sha512-MXgwjako4nu5WFLAjpBnCj/ieqcjE2aJBINUNQzkZQfzIZA4xn+0fV1tIYBJvvva3N3OvKGofRLvQIwEQPpaXw==
    dependencies:
      "@babel/parser" "^7.20.15"
      "@vue/compiler-core" "3.3.4"
      "@vue/shared" "3.3.4"
      estree-walker "^2.0.2"
      magic-string "^0.30.0"
  
  "@vue/reactivity@3.3.4":
    version "3.3.4"
    resolved "https://registry.npmjs.org/@vue/reactivity/-/reactivity-3.3.4.tgz"
    integrity sha512-kLTDLwd0B1jG08NBF3R5rqULtv/f8x3rOFByTDz4J53ttIQEDmALqKqXY0J+XQeN0aV2FBxY8nJDf88yvOPAqQ==
    dependencies:
      "@vue/shared" "3.3.4"
  
  "@vue/runtime-core@3.3.4":
    version "3.3.4"
    resolved "https://registry.npmjs.org/@vue/runtime-core/-/runtime-core-3.3.4.tgz"
    integrity sha512-R+bqxMN6pWO7zGI4OMlmvePOdP2c93GsHFM/siJI7O2nxFRzj55pLwkpCedEY+bTMgp5miZ8CxfIZo3S+gFqvA==
    dependencies:
      "@vue/reactivity" "3.3.4"
      "@vue/shared" "3.3.4"
  
  "@vue/runtime-dom@3.3.4":
    version "3.3.4"
    resolved "https://registry.npmjs.org/@vue/runtime-dom/-/runtime-dom-3.3.4.tgz"
    integrity sha512-Aj5bTJ3u5sFsUckRghsNjVTtxZQ1OyMWCr5dZRAPijF/0Vy4xEoRCwLyHXcj4D0UFbJ4lbx3gPTgg06K/GnPnQ==
    dependencies:
      "@vue/runtime-core" "3.3.4"
      "@vue/shared" "3.3.4"
      csstype "^3.1.1"
  
  "@vue/server-renderer@3.3.4":
    version "3.3.4"
    resolved "https://registry.npmjs.org/@vue/server-renderer/-/server-renderer-3.3.4.tgz"
    integrity sha512-Q6jDDzR23ViIb67v+vM1Dqntu+HUexQcsWKhhQa4ARVzxOY2HbC7QRW/ggkDBd5BU+uM1sV6XOAP0b216o34JQ==
    dependencies:
      "@vue/compiler-ssr" "3.3.4"
      "@vue/shared" "3.3.4"
  
  "@vue/shared@3.3.4":
    version "3.3.4"
    resolved "https://registry.npmjs.org/@vue/shared/-/shared-3.3.4.tgz"
    integrity sha512-7OjdcV8vQ74eiz1TZLzZP4JwqM5fA94K6yntPS5Z25r9HDuGNzaGdgvwKYq6S+MxwF0TFRwe50fIR/MYnakdkQ==
  
  "@vueuse/core@^10.1.2", "@vueuse/core@10.1.2":
    version "10.1.2"
    resolved "https://registry.npmjs.org/@vueuse/core/-/core-10.1.2.tgz"
    integrity sha512-roNn8WuerI56A5uiTyF/TEYX0Y+VKlhZAF94unUfdhbDUI+NfwQMn4FUnUscIRUhv3344qvAghopU4bzLPNFlA==
    dependencies:
      "@types/web-bluetooth" "^0.0.17"
      "@vueuse/metadata" "10.1.2"
      "@vueuse/shared" "10.1.2"
      vue-demi ">=0.14.0"
  
  "@vueuse/integrations@^10.1.2":
    version "10.1.2"
    resolved "https://registry.npmjs.org/@vueuse/integrations/-/integrations-10.1.2.tgz"
    integrity sha512-wUpG3Wv6LiWerOwCzOAM0iGhNQ4vfFUTkhj/xQy7TLXduh2M3D8N08aS0KqlxsejY6R8NLxydDIM+68QfHZZ8Q==
    dependencies:
      "@vueuse/core" "10.1.2"
      "@vueuse/shared" "10.1.2"
      vue-demi ">=0.14.0"
  
  "@vueuse/metadata@10.1.2":
    version "10.1.2"
    resolved "https://registry.npmjs.org/@vueuse/metadata/-/metadata-10.1.2.tgz"
    integrity sha512-3mc5BqN9aU2SqBeBuWE7ne4OtXHoHKggNgxZR2K+zIW4YLsy6xoZ4/9vErQs6tvoKDX6QAqm3lvsrv0mczAwIQ==
  
  "@vueuse/shared@10.1.2":
    version "10.1.2"
    resolved "https://registry.npmjs.org/@vueuse/shared/-/shared-10.1.2.tgz"
    integrity sha512-1uoUTPBlgyscK9v6ScGeVYDDzlPSFXBlxuK7SfrDGyUTBiznb3mNceqhwvZHjtDRELZEN79V5uWPTF1VDV8svA==
    dependencies:
      vue-demi ">=0.14.0"
  
  algoliasearch@^4.0.0, "algoliasearch@>= 4.9.1 < 6":
    version "4.14.2"
    resolved "https://registry.npmjs.org/algoliasearch/-/algoliasearch-4.14.2.tgz"
    integrity sha512-ngbEQonGEmf8dyEh5f+uOIihv4176dgbuOZspiuhmTTBRBuzWu3KCGHre6uHj5YyuC7pNvQGzB6ZNJyZi0z+Sg==
    dependencies:
      "@algolia/cache-browser-local-storage" "4.14.2"
      "@algolia/cache-common" "4.14.2"
      "@algolia/cache-in-memory" "4.14.2"
      "@algolia/client-account" "4.14.2"
      "@algolia/client-analytics" "4.14.2"
      "@algolia/client-common" "4.14.2"
      "@algolia/client-personalization" "4.14.2"
      "@algolia/client-search" "4.14.2"
      "@algolia/logger-common" "4.14.2"
      "@algolia/logger-console" "4.14.2"
      "@algolia/requester-browser-xhr" "4.14.2"
      "@algolia/requester-common" "4.14.2"
      "@algolia/requester-node-http" "4.14.2"
      "@algolia/transporter" "4.14.2"
  
  ansi-sequence-parser@^1.1.0:
    version "1.1.0"
    resolved "https://registry.npmjs.org/ansi-sequence-parser/-/ansi-sequence-parser-1.1.0.tgz"
    integrity sha512-lEm8mt52to2fT8GhciPCGeCXACSz2UwIN4X2e2LJSnZ5uAbn2/dsYdOmUXq0AtWS5cpAupysIneExOgH0Vd2TQ==
  
  anymatch@~3.1.2:
    version "3.1.2"
    resolved "https://registry.npmjs.org/anymatch/-/anymatch-3.1.2.tgz"
    integrity sha512-P43ePfOAIupkguHUycrc4qJ9kz8ZiuOUijaETwX7THt0Y/GNK7v0aa8rY816xWjZ7rJdA5XdMcpVFTKMq+RvWg==
    dependencies:
      normalize-path "^3.0.0"
      picomatch "^2.0.4"
  
  binary-extensions@^2.0.0:
    version "2.2.0"
    resolved "https://registry.npmjs.org/binary-extensions/-/binary-extensions-2.2.0.tgz"
    integrity sha512-jDctJ/IVQbZoJykoeHbhXpOlNBqGNcwXJKJog42E5HDPUwQTSdjCHdihjj0DlnheQ7blbT6dHOafNAiS8ooQKA==
  
  body-scroll-lock@4.0.0-beta.0:
    version "4.0.0-beta.0"
    resolved "https://registry.npmjs.org/body-scroll-lock/-/body-scroll-lock-4.0.0-beta.0.tgz"
    integrity sha512-a7tP5+0Mw3YlUJcGAKUqIBkYYGlYxk2fnCasq/FUph1hadxlTRjF+gAcZksxANnaMnALjxEddmSi/H3OR8ugcQ==
  
  braces@~3.0.2:
    version "3.0.2"
    resolved "https://registry.npmjs.org/braces/-/braces-3.0.2.tgz"
    integrity sha512-b8um+L1RzM3WDSzvhm6gIz1yfTbBt6YTlcEKAvsmqCZZFw46z626lVj9j1yEPW33H5H+lBQpZMP1k8l+78Ha0A==
    dependencies:
      fill-range "^7.0.1"
  
  "chokidar@>=3.0.0 <4.0.0":
    version "3.5.3"
    resolved "https://registry.npmjs.org/chokidar/-/chokidar-3.5.3.tgz"
    integrity sha512-Dr3sfKRP6oTcjf2JmUmFJfeVMvXBdegxB0iVQ5eb2V10uFJUCAS8OByZdVAyVb8xXNz3GjjTgj9kLWsZTqE6kw==
    dependencies:
      anymatch "~3.1.2"
      braces "~3.0.2"
      glob-parent "~5.1.2"
      is-binary-path "~2.1.0"
      is-glob "~4.0.1"
      normalize-path "~3.0.0"
      readdirp "~3.6.0"
    optionalDependencies:
      fsevents "~2.3.2"
  
  csstype@^3.1.1:
    version "3.1.2"
    resolved "https://registry.npmjs.org/csstype/-/csstype-3.1.2.tgz"
    integrity sha512-I7K1Uu0MBPzaFKg4nI5Q7Vs2t+3gWWW648spaF+Rg7pI9ds18Ugn+lvg4SHczUdKlHI5LWBXyqfS8+DufyBsgQ==
  
  esbuild@^0.17.5:
    version "0.17.12"
    resolved "https://registry.npmjs.org/esbuild/-/esbuild-0.17.12.tgz"
    integrity sha512-bX/zHl7Gn2CpQwcMtRogTTBf9l1nl+H6R8nUbjk+RuKqAE3+8FDulLA+pHvX7aA7Xe07Iwa+CWvy9I8Y2qqPKQ==
    optionalDependencies:
      "@esbuild/android-arm" "0.17.12"
      "@esbuild/android-arm64" "0.17.12"
      "@esbuild/android-x64" "0.17.12"
      "@esbuild/darwin-arm64" "0.17.12"
      "@esbuild/darwin-x64" "0.17.12"
      "@esbuild/freebsd-arm64" "0.17.12"
      "@esbuild/freebsd-x64" "0.17.12"
      "@esbuild/linux-arm" "0.17.12"
      "@esbuild/linux-arm64" "0.17.12"
      "@esbuild/linux-ia32" "0.17.12"
      "@esbuild/linux-loong64" "0.17.12"
      "@esbuild/linux-mips64el" "0.17.12"
      "@esbuild/linux-ppc64" "0.17.12"
      "@esbuild/linux-riscv64" "0.17.12"
      "@esbuild/linux-s390x" "0.17.12"
      "@esbuild/linux-x64" "0.17.12"
      "@esbuild/netbsd-x64" "0.17.12"
      "@esbuild/openbsd-x64" "0.17.12"
      "@esbuild/sunos-x64" "0.17.12"
      "@esbuild/win32-arm64" "0.17.12"
      "@esbuild/win32-ia32" "0.17.12"
      "@esbuild/win32-x64" "0.17.12"
  
  estree-walker@^2.0.2:
    version "2.0.2"
    resolved "https://registry.npmjs.org/estree-walker/-/estree-walker-2.0.2.tgz"
    integrity sha512-Rfkk/Mp/DL7JVje3u18FxFujQlTNR2q6QfMSMB7AvCBx91NGj/ba3kCfza0f6dVDbw7YlRf/nDrn7pQrCCyQ/w==
  
  fill-range@^7.0.1:
    version "7.0.1"
    resolved "https://registry.npmjs.org/fill-range/-/fill-range-7.0.1.tgz"
    integrity sha512-qOo9F+dMUmC2Lcb4BbVvnKJxTPjCm+RRpe4gDuGrzkL7mEVl/djYSu2OdQ2Pa302N4oqkSg9ir6jaLWJ2USVpQ==
    dependencies:
      to-regex-range "^5.0.1"
  
  focus-trap@*, focus-trap@^7.4.3:
    version "7.4.3"
    resolved "https://registry.npmjs.org/focus-trap/-/focus-trap-7.4.3.tgz"
    integrity sha512-BgSSbK4GPnS2VbtZ50VtOv1Sti6DIkj3+LkVjiWMNjLeAp1SH1UlLx3ULu/DCu4vq5R4/uvTm+zrvsMsuYmGLg==
    dependencies:
      tabbable "^6.1.2"
  
  glob-parent@~5.1.2:
    version "5.1.2"
    resolved "https://registry.npmjs.org/glob-parent/-/glob-parent-5.1.2.tgz"
    integrity sha512-AOIgSQCepiJYwP3ARnGx+5VnTu2HBYdzbGP45eLw1vr3zB3vZLeyed1sC9hnbcOc9/SrMyM5RPQrkGz4aS9Zow==
    dependencies:
      is-glob "^4.0.1"
  
  immutable@^4.0.0:
    version "4.1.0"
    resolved "https://registry.npmjs.org/immutable/-/immutable-4.1.0.tgz"
    integrity sha512-oNkuqVTA8jqG1Q6c+UglTOD1xhC1BtjKI7XkCXRkZHrN5m18/XsnUp8Q89GkQO/z+0WjonSvl0FLhDYftp46nQ==
  
  is-binary-path@~2.1.0:
    version "2.1.0"
    resolved "https://registry.npmjs.org/is-binary-path/-/is-binary-path-2.1.0.tgz"
    integrity sha512-ZMERYes6pDydyuGidse7OsHxtbI7WVeUEozgR/g7rd0xUimYNlvZRE/K2MgZTjWy725IfelLeVcEM97mmtRGXw==
    dependencies:
      binary-extensions "^2.0.0"
  
  is-extglob@^2.1.1:
    version "2.1.1"
    resolved "https://registry.npmjs.org/is-extglob/-/is-extglob-2.1.1.tgz"
    integrity sha512-SbKbANkN603Vi4jEZv49LeVJMn4yGwsbzZworEoyEiutsN3nJYdbO36zfhGJ6QEDpOZIFkDtnq5JRxmvl3jsoQ==
  
  is-glob@^4.0.1, is-glob@~4.0.1:
    version "4.0.3"
    resolved "https://registry.npmjs.org/is-glob/-/is-glob-4.0.3.tgz"
    integrity sha512-xelSayHH36ZgE7ZWhli7pW34hNbNl8Ojv5KVmkJD4hBdD3th8Tfk9vYasLM+mXWOZhFkgZfxhLSnrwRr4elSSg==
    dependencies:
      is-extglob "^2.1.1"
  
  is-number@^7.0.0:
    version "7.0.0"
    resolved "https://registry.npmjs.org/is-number/-/is-number-7.0.0.tgz"
    integrity sha512-41Cifkg6e8TylSpdtTpeLVMqvSBEVzTttHvERD741+pnZ8ANv0004MRL43QKPDlK9cGvNp6NZWZUBlbGXYxxng==
  
  jsonc-parser@^3.2.0:
    version "3.2.0"
    resolved "https://registry.npmjs.org/jsonc-parser/-/jsonc-parser-3.2.0.tgz"
    integrity sha512-gfFQZrcTc8CnKXp6Y4/CBT3fTc0OVuDofpre4aEeEpSBPV5X5v4+Vmx+8snU7RLPrNHPKSgLxGo9YuQzz20o+w==
  
  magic-string@^0.30.0:
    version "0.30.0"
    resolved "https://registry.npmjs.org/magic-string/-/magic-string-0.30.0.tgz"
    integrity sha512-LA+31JYDJLs82r2ScLrlz1GjSgu66ZV518eyWT+S8VhyQn/JL0u9MeBOvQMGYiPk1DBiSN9DDMOcXvigJZaViQ==
    dependencies:
      "@jridgewell/sourcemap-codec" "^1.4.13"
  
  mark.js@8.11.1:
    version "8.11.1"
    resolved "https://registry.npmjs.org/mark.js/-/mark.js-8.11.1.tgz"
    integrity sha512-1I+1qpDt4idfgLQG+BNWmrqku+7/2bi5nLf4YwF8y8zXvmfiTBY3PV3ZibfrjBueCByROpuBjLLFCajqkgYoLQ==
  
  markdown-it-footnote@^3.0.3:
    version "3.0.3"
    resolved "https://registry.npmjs.org/markdown-it-footnote/-/markdown-it-footnote-3.0.3.tgz"
    integrity sha512-YZMSuCGVZAjzKMn+xqIco9d1cLGxbELHZ9do/TSYVzraooV8ypsppKNmUJ0fVH5ljkCInQAtFpm8Rb3eXSrt5w==
  
  minisearch@^6.1.0:
    version "6.1.0"
    resolved "https://registry.npmjs.org/minisearch/-/minisearch-6.1.0.tgz"
    integrity sha512-PNxA/X8pWk+TiqPbsoIYH0GQ5Di7m6326/lwU/S4mlo4wGQddIcf/V//1f9TB0V4j59b57b+HZxt8h3iMROGvg==
  
  nanoid@^3.3.6:
    version "3.3.6"
    resolved "https://registry.npmjs.org/nanoid/-/nanoid-3.3.6.tgz"
    integrity sha512-BGcqMMJuToF7i1rt+2PWSNVnWIkGCU78jBG3RxO/bZlnZPK2Cmi2QaffxGO/2RvWi9sL+FAiRiXMgsyxQ1DIDA==
  
  normalize-path@^3.0.0, normalize-path@~3.0.0:
    version "3.0.0"
    resolved "https://registry.npmjs.org/normalize-path/-/normalize-path-3.0.0.tgz"
    integrity sha512-6eZs5Ls3WtCisHWp9S2GUy8dqkpGi4BVSz3GaqiE6ezub0512ESztXUwUB6C6IKbQkY2Pnb/mD4WYojCRwcwLA==
  
  picocolors@^1.0.0:
    version "1.0.0"
    resolved "https://registry.npmjs.org/picocolors/-/picocolors-1.0.0.tgz"
    integrity sha512-1fygroTLlHu66zi26VoTDv8yRgm0Fccecssto+MhsZ0D/DGW2sm8E8AjW7NU5VVTRt5GxbeZ5qBuJr+HyLYkjQ==
  
  picomatch@^2.0.4, picomatch@^2.2.1:
    version "2.3.1"
    resolved "https://registry.npmjs.org/picomatch/-/picomatch-2.3.1.tgz"
    integrity sha512-JU3teHTNjmE2VCGFzuY8EXzCDVwEqB2a8fsIvwaStHhAWJEeVd1o1QD80CU6+ZdEXXSLbSsuLwJjkCBWqRQUVA==
  
  postcss@^8.1.10, postcss@^8.4.23:
    version "8.4.24"
    resolved "https://registry.npmjs.org/postcss/-/postcss-8.4.24.tgz"
    integrity sha512-M0RzbcI0sO/XJNucsGjvWU9ERWxb/ytp1w6dKtxTKgixdtQDq4rmx/g8W1hnaheq9jgwL/oyEdH5Bc4WwJKMqg==
    dependencies:
      nanoid "^3.3.6"
      picocolors "^1.0.0"
      source-map-js "^1.0.2"
  
  preact@^10.0.0:
    version "10.10.6"
    resolved "https://registry.npmjs.org/preact/-/preact-10.10.6.tgz"
    integrity sha512-w0mCL5vICUAZrh1DuHEdOWBjxdO62lvcO++jbzr8UhhYcTbFkpegLH9XX+7MadjTl/y0feoqwQ/zAnzkc/EGog==
  
  readdirp@~3.6.0:
    version "3.6.0"
    resolved "https://registry.npmjs.org/readdirp/-/readdirp-3.6.0.tgz"
    integrity sha512-hOS089on8RduqdbhvQ5Z37A0ESjsqz6qnRcffsMU3495FuTdqSm+7bhJ29JvIOsBDEEnan5DPu9t3To9VRlMzA==
    dependencies:
      picomatch "^2.2.1"
  
  rollup@^3.21.0:
    version "3.21.0"
    resolved "https://registry.npmjs.org/rollup/-/rollup-3.21.0.tgz"
    integrity sha512-ANPhVcyeHvYdQMUyCbczy33nbLzI7RzrBje4uvNiTDJGIMtlKoOStmympwr9OtS1LZxiDmE2wvxHyVhoLtf1KQ==
    optionalDependencies:
      fsevents "~2.3.2"
  
  sass@*, sass@^1.55.0:
    version "1.55.0"
    resolved "https://registry.npmjs.org/sass/-/sass-1.55.0.tgz"
    integrity sha512-Pk+PMy7OGLs9WaxZGJMn7S96dvlyVBwwtToX895WmCpAOr5YiJYEUJfiJidMuKb613z2xNWcXCHEuOvjZbqC6A==
    dependencies:
      chokidar ">=3.0.0 <4.0.0"
      immutable "^4.0.0"
      source-map-js ">=0.6.2 <2.0.0"
  
  "search-insights@>= 1 < 3":
    version "2.8.2"
    resolved "https://registry.npmjs.org/search-insights/-/search-insights-2.8.2.tgz"
    integrity sha512-PxA9M5Q2bpBelVvJ3oDZR8nuY00Z6qwOxL53wNpgzV28M/D6u9WUbImDckjLSILBF8F1hn/mgyuUaOPtjow4Qw==
  
  shiki@^0.14.2:
    version "0.14.2"
    resolved "https://registry.npmjs.org/shiki/-/shiki-0.14.2.tgz"
    integrity sha512-ltSZlSLOuSY0M0Y75KA+ieRaZ0Trf5Wl3gutE7jzLuIcWxLp5i/uEnLoQWNvgKXQ5OMpGkJnVMRLAuzjc0LJ2A==
    dependencies:
      ansi-sequence-parser "^1.1.0"
      jsonc-parser "^3.2.0"
      vscode-oniguruma "^1.7.0"
      vscode-textmate "^8.0.0"
  
  source-map-js@^1.0.2, "source-map-js@>=0.6.2 <2.0.0":
    version "1.0.2"
    resolved "https://registry.npmjs.org/source-map-js/-/source-map-js-1.0.2.tgz"
    integrity sha512-R0XvVJ9WusLiqTCEiGCmICCMplcCkIwwR11mOSD9CR5u+IXYdiseeEuXCVAjS54zqwkLcPNnmU4OeJ6tUrWhDw==
  
  tabbable@^6.1.2:
    version "6.1.2"
    resolved "https://registry.npmjs.org/tabbable/-/tabbable-6.1.2.tgz"
    integrity sha512-qCN98uP7i9z0fIS4amQ5zbGBOq+OSigYeGvPy7NDk8Y9yncqDZ9pRPgfsc2PJIVM9RrJj7GIfuRgmjoUU9zTHQ==
  
  to-regex-range@^5.0.1:
    version "5.0.1"
    resolved "https://registry.npmjs.org/to-regex-range/-/to-regex-range-5.0.1.tgz"
    integrity sha512-65P7iz6X5yEr1cwcgvQxbbIw7Uk3gOy5dIdtZ4rDveLqhrdJP+Li/Hx6tyK0NEb+2GCyneCMJiGqrADCSNk8sQ==
    dependencies:
      is-number "^7.0.0"
  
  vite@^4.0.0, vite@^4.3.9:
    version "4.3.9"
    resolved "https://registry.npmjs.org/vite/-/vite-4.3.9.tgz"
    integrity sha512-qsTNZjO9NoJNW7KnOrgYwczm0WctJ8m/yqYAMAK9Lxt4SoySUfS5S8ia9K7JHpa3KEeMfyF8LoJ3c5NeBJy6pg==
    dependencies:
      esbuild "^0.17.5"
      postcss "^8.4.23"
      rollup "^3.21.0"
    optionalDependencies:
      fsevents "~2.3.2"
  
  vitepress@1.0.0-beta.2:
    version "1.0.0-beta.2"
    resolved "https://registry.npmjs.org/vitepress/-/vitepress-1.0.0-beta.2.tgz"
    integrity sha512-DBXYjtYbm3W1IPPJ2TiCaK/XK+o/2XmL2+jslOGKm+txcbmG0kbeB+vadC5tCUZA9NdA+9Ywj3M4548c7t/SDg==
    dependencies:
      "@docsearch/css" "^3.5.0"
      "@docsearch/js" "^3.5.0"
      "@vitejs/plugin-vue" "^4.2.3"
      "@vue/devtools-api" "^6.5.0"
      "@vueuse/core" "^10.1.2"
      "@vueuse/integrations" "^10.1.2"
      body-scroll-lock "4.0.0-beta.0"
      focus-trap "^7.4.3"
      mark.js "8.11.1"
      minisearch "^6.1.0"
      shiki "^0.14.2"
      vite "^4.3.9"
      vue "^3.3.4"
  
  vscode-oniguruma@^1.7.0:
    version "1.7.0"
    resolved "https://registry.npmjs.org/vscode-oniguruma/-/vscode-oniguruma-1.7.0.tgz"
    integrity sha512-L9WMGRfrjOhgHSdOYgCt/yRMsXzLDJSL7BPrOZt73gU0iWO4mpqzqQzOz5srxqTvMBaR0XZTSrVWo4j55Rc6cA==
  
  vscode-textmate@^8.0.0:
    version "8.0.0"
    resolved "https://registry.npmjs.org/vscode-textmate/-/vscode-textmate-8.0.0.tgz"
    integrity sha512-AFbieoL7a5LMqcnOF04ji+rpXadgOXnZsxQr//r83kLPr7biP7am3g9zbaZIaBGwBRWeSvoMD4mgPdX3e4NWBg==
  
  vue-demi@>=0.14.0:
    version "0.14.0"
    resolved "https://registry.npmjs.org/vue-demi/-/vue-demi-0.14.0.tgz"
    integrity sha512-gt58r2ogsNQeVoQ3EhoUAvUsH9xviydl0dWJj7dabBC/2L4uBId7ujtCwDRD0JhkGsV1i0CtfLAeyYKBht9oWg==
  
  "vue@^3.0.0-0 || ^2.6.0", vue@^3.2.25, vue@^3.2.38, vue@^3.3.4, vue@3.3.4:
    version "3.3.4"
    resolved "https://registry.npmjs.org/vue/-/vue-3.3.4.tgz"
    integrity sha512-VTyEYn3yvIeY1Py0WaYGZsXnz3y5UnGi62GjVEqvEGPl6nxbOrCXbVOTQWBEJUqAyTUk2uJ5JLVnYJ6ZzGbrSw==
    dependencies:
      "@vue/compiler-dom" "3.3.4"
      "@vue/compiler-sfc" "3.3.4"
      "@vue/runtime-dom" "3.3.4"
      "@vue/server-renderer" "3.3.4"
      "@vue/shared" "3.3.4"
  
  yarn@^1.22.19:
    version "1.22.19"
    resolved "https://registry.npmjs.org/yarn/-/yarn-1.22.19.tgz"
    integrity sha512-/0V5q0WbslqnwP91tirOvldvYISzaqhClxzyUKXYxs07yUILIs5jx/k6CFe8bvKSkds5w+eiOqta39Wk3WxdcQ==
